[2022-10-01T13:57:07.027+0600] {taskinstance.py:1171} INFO - Dependencies all met for <TaskInstance: my_dag.training_model_B scheduled__2022-09-30T00:00:00+00:00 [queued]>
[2022-10-01T13:57:07.032+0600] {taskinstance.py:1171} INFO - Dependencies all met for <TaskInstance: my_dag.training_model_B scheduled__2022-09-30T00:00:00+00:00 [queued]>
[2022-10-01T13:57:07.032+0600] {taskinstance.py:1368} INFO - 
--------------------------------------------------------------------------------
[2022-10-01T13:57:07.032+0600] {taskinstance.py:1369} INFO - Starting attempt 1 of 1
[2022-10-01T13:57:07.032+0600] {taskinstance.py:1370} INFO - 
--------------------------------------------------------------------------------
[2022-10-01T13:57:07.049+0600] {taskinstance.py:1389} INFO - Executing <Task(PythonOperator): training_model_B> on 2022-09-30 00:00:00+00:00
[2022-10-01T13:57:07.050+0600] {standard_task_runner.py:52} INFO - Started process 6224 to run task
[2022-10-01T13:57:07.052+0600] {standard_task_runner.py:79} INFO - Running: ['airflow', 'tasks', 'run', 'my_dag', 'training_model_B', 'scheduled__2022-09-30T00:00:00+00:00', '--job-id', '4', '--raw', '--subdir', 'DAGS_FOLDER/onedag.py', '--cfg-path', '/tmp/tmp_zcnff9w', '--error-file', '/tmp/tmpruj41w51']
[2022-10-01T13:57:07.052+0600] {standard_task_runner.py:80} INFO - Job 4: Subtask training_model_B
[2022-10-01T13:57:07.091+0600] {task_command.py:371} INFO - Running <TaskInstance: my_dag.training_model_B scheduled__2022-09-30T00:00:00+00:00 [running]> on host MahimPC.
[2022-10-01T13:57:07.225+0600] {taskinstance.py:1581} INFO - Exporting the following env vars:
AIRFLOW_CTX_DAG_OWNER=airflow
AIRFLOW_CTX_DAG_ID=my_dag
AIRFLOW_CTX_TASK_ID=training_model_B
AIRFLOW_CTX_EXECUTION_DATE=2022-09-30T00:00:00+00:00
AIRFLOW_CTX_TRY_NUMBER=1
AIRFLOW_CTX_DAG_RUN_ID=scheduled__2022-09-30T00:00:00+00:00
[2022-10-01T13:57:07.225+0600] {python.py:173} INFO - Done. Returned value was: 2
[2022-10-01T13:57:07.245+0600] {taskinstance.py:1407} INFO - Marking task as SUCCESS. dag_id=my_dag, task_id=training_model_B, execution_date=20220930T000000, start_date=20221001T075707, end_date=20221001T075707
[2022-10-01T13:57:07.264+0600] {local_task_job.py:156} INFO - Task exited with return code 0
[2022-10-01T13:57:07.289+0600] {local_task_job.py:279} INFO - 0 downstream tasks scheduled from follow-on schedule check
