[2022-10-01T13:57:11.064+0600] {taskinstance.py:1171} INFO - Dependencies all met for <TaskInstance: my_dag.accurate scheduled__2022-09-30T00:00:00+00:00 [queued]>
[2022-10-01T13:57:11.070+0600] {taskinstance.py:1171} INFO - Dependencies all met for <TaskInstance: my_dag.accurate scheduled__2022-09-30T00:00:00+00:00 [queued]>
[2022-10-01T13:57:11.070+0600] {taskinstance.py:1368} INFO - 
--------------------------------------------------------------------------------
[2022-10-01T13:57:11.070+0600] {taskinstance.py:1369} INFO - Starting attempt 1 of 1
[2022-10-01T13:57:11.070+0600] {taskinstance.py:1370} INFO - 
--------------------------------------------------------------------------------
[2022-10-01T13:57:11.088+0600] {taskinstance.py:1389} INFO - Executing <Task(BashOperator): accurate> on 2022-09-30 00:00:00+00:00
[2022-10-01T13:57:11.090+0600] {standard_task_runner.py:52} INFO - Started process 6277 to run task
[2022-10-01T13:57:11.091+0600] {standard_task_runner.py:79} INFO - Running: ['airflow', 'tasks', 'run', 'my_dag', 'accurate', 'scheduled__2022-09-30T00:00:00+00:00', '--job-id', '7', '--raw', '--subdir', 'DAGS_FOLDER/onedag.py', '--cfg-path', '/tmp/tmpt9qiz9z8', '--error-file', '/tmp/tmpi56vcuzm']
[2022-10-01T13:57:11.092+0600] {standard_task_runner.py:80} INFO - Job 7: Subtask accurate
[2022-10-01T13:57:11.127+0600] {task_command.py:371} INFO - Running <TaskInstance: my_dag.accurate scheduled__2022-09-30T00:00:00+00:00 [running]> on host MahimPC.
[2022-10-01T13:57:11.177+0600] {taskinstance.py:1581} INFO - Exporting the following env vars:
AIRFLOW_CTX_DAG_OWNER=airflow
AIRFLOW_CTX_DAG_ID=my_dag
AIRFLOW_CTX_TASK_ID=accurate
AIRFLOW_CTX_EXECUTION_DATE=2022-09-30T00:00:00+00:00
AIRFLOW_CTX_TRY_NUMBER=1
AIRFLOW_CTX_DAG_RUN_ID=scheduled__2022-09-30T00:00:00+00:00
[2022-10-01T13:57:11.178+0600] {subprocess.py:62} INFO - Tmp dir root location: 
 /tmp
[2022-10-01T13:57:11.179+0600] {subprocess.py:74} INFO - Running command: ['/usr/bin/bash', '-c', "echo 'accurate'"]
[2022-10-01T13:57:11.182+0600] {subprocess.py:85} INFO - Output:
[2022-10-01T13:57:11.183+0600] {subprocess.py:92} INFO - accurate
[2022-10-01T13:57:11.183+0600] {subprocess.py:96} INFO - Command exited with return code 0
[2022-10-01T13:57:11.205+0600] {taskinstance.py:1407} INFO - Marking task as SUCCESS. dag_id=my_dag, task_id=accurate, execution_date=20220930T000000, start_date=20221001T075711, end_date=20221001T075711
[2022-10-01T13:57:11.225+0600] {local_task_job.py:156} INFO - Task exited with return code 0
[2022-10-01T13:57:11.236+0600] {local_task_job.py:279} INFO - 0 downstream tasks scheduled from follow-on schedule check
