[2022-10-01T13:57:08.332+0600] {taskinstance.py:1171} INFO - Dependencies all met for <TaskInstance: my_dag.training_model_C scheduled__2022-09-30T00:00:00+00:00 [queued]>
[2022-10-01T13:57:08.336+0600] {taskinstance.py:1171} INFO - Dependencies all met for <TaskInstance: my_dag.training_model_C scheduled__2022-09-30T00:00:00+00:00 [queued]>
[2022-10-01T13:57:08.336+0600] {taskinstance.py:1368} INFO - 
--------------------------------------------------------------------------------
[2022-10-01T13:57:08.337+0600] {taskinstance.py:1369} INFO - Starting attempt 1 of 1
[2022-10-01T13:57:08.337+0600] {taskinstance.py:1370} INFO - 
--------------------------------------------------------------------------------
[2022-10-01T13:57:08.353+0600] {taskinstance.py:1389} INFO - Executing <Task(PythonOperator): training_model_C> on 2022-09-30 00:00:00+00:00
[2022-10-01T13:57:08.354+0600] {standard_task_runner.py:52} INFO - Started process 6241 to run task
[2022-10-01T13:57:08.356+0600] {standard_task_runner.py:79} INFO - Running: ['airflow', 'tasks', 'run', 'my_dag', 'training_model_C', 'scheduled__2022-09-30T00:00:00+00:00', '--job-id', '5', '--raw', '--subdir', 'DAGS_FOLDER/onedag.py', '--cfg-path', '/tmp/tmp3lqixz79', '--error-file', '/tmp/tmp18b4xhnx']
[2022-10-01T13:57:08.356+0600] {standard_task_runner.py:80} INFO - Job 5: Subtask training_model_C
[2022-10-01T13:57:08.391+0600] {task_command.py:371} INFO - Running <TaskInstance: my_dag.training_model_C scheduled__2022-09-30T00:00:00+00:00 [running]> on host MahimPC.
[2022-10-01T13:57:08.436+0600] {taskinstance.py:1581} INFO - Exporting the following env vars:
AIRFLOW_CTX_DAG_OWNER=airflow
AIRFLOW_CTX_DAG_ID=my_dag
AIRFLOW_CTX_TASK_ID=training_model_C
AIRFLOW_CTX_EXECUTION_DATE=2022-09-30T00:00:00+00:00
AIRFLOW_CTX_TRY_NUMBER=1
AIRFLOW_CTX_DAG_RUN_ID=scheduled__2022-09-30T00:00:00+00:00
[2022-10-01T13:57:08.437+0600] {python.py:173} INFO - Done. Returned value was: 9
[2022-10-01T13:57:08.456+0600] {taskinstance.py:1407} INFO - Marking task as SUCCESS. dag_id=my_dag, task_id=training_model_C, execution_date=20220930T000000, start_date=20221001T075708, end_date=20221001T075708
[2022-10-01T13:57:08.488+0600] {local_task_job.py:156} INFO - Task exited with return code 0
[2022-10-01T13:57:08.513+0600] {local_task_job.py:279} INFO - 1 downstream tasks scheduled from follow-on schedule check
