[2022-10-01T13:57:05.448+0600] {taskinstance.py:1171} INFO - Dependencies all met for <TaskInstance: my_dag.training_model_A scheduled__2022-09-30T00:00:00+00:00 [queued]>
[2022-10-01T13:57:05.452+0600] {taskinstance.py:1171} INFO - Dependencies all met for <TaskInstance: my_dag.training_model_A scheduled__2022-09-30T00:00:00+00:00 [queued]>
[2022-10-01T13:57:05.453+0600] {taskinstance.py:1368} INFO - 
--------------------------------------------------------------------------------
[2022-10-01T13:57:05.453+0600] {taskinstance.py:1369} INFO - Starting attempt 1 of 1
[2022-10-01T13:57:05.453+0600] {taskinstance.py:1370} INFO - 
--------------------------------------------------------------------------------
[2022-10-01T13:57:05.471+0600] {taskinstance.py:1389} INFO - Executing <Task(PythonOperator): training_model_A> on 2022-09-30 00:00:00+00:00
[2022-10-01T13:57:05.473+0600] {standard_task_runner.py:52} INFO - Started process 6192 to run task
[2022-10-01T13:57:05.475+0600] {standard_task_runner.py:79} INFO - Running: ['airflow', 'tasks', 'run', 'my_dag', 'training_model_A', 'scheduled__2022-09-30T00:00:00+00:00', '--job-id', '3', '--raw', '--subdir', 'DAGS_FOLDER/onedag.py', '--cfg-path', '/tmp/tmpys1lb5b9', '--error-file', '/tmp/tmpy0mxo2n3']
[2022-10-01T13:57:05.476+0600] {standard_task_runner.py:80} INFO - Job 3: Subtask training_model_A
[2022-10-01T13:57:05.543+0600] {task_command.py:371} INFO - Running <TaskInstance: my_dag.training_model_A scheduled__2022-09-30T00:00:00+00:00 [running]> on host MahimPC.
[2022-10-01T13:57:05.611+0600] {taskinstance.py:1581} INFO - Exporting the following env vars:
AIRFLOW_CTX_DAG_OWNER=airflow
AIRFLOW_CTX_DAG_ID=my_dag
AIRFLOW_CTX_TASK_ID=training_model_A
AIRFLOW_CTX_EXECUTION_DATE=2022-09-30T00:00:00+00:00
AIRFLOW_CTX_TRY_NUMBER=1
AIRFLOW_CTX_DAG_RUN_ID=scheduled__2022-09-30T00:00:00+00:00
[2022-10-01T13:57:05.611+0600] {python.py:173} INFO - Done. Returned value was: 3
[2022-10-01T13:57:05.634+0600] {taskinstance.py:1407} INFO - Marking task as SUCCESS. dag_id=my_dag, task_id=training_model_A, execution_date=20220930T000000, start_date=20221001T075705, end_date=20221001T075705
[2022-10-01T13:57:05.688+0600] {local_task_job.py:156} INFO - Task exited with return code 0
[2022-10-01T13:57:05.718+0600] {local_task_job.py:279} INFO - 0 downstream tasks scheduled from follow-on schedule check
